make all --print-data-base --no-builtin-variables --no-builtin-rules --question
# GNU Make 3.81
# Copyright (C) 2006  Free Software Foundation, Inc.
# This is free software; see the source for copying conditions.
# There is NO warranty; not even for MERCHANTABILITY or FITNESS FOR A
# PARTICULAR PURPOSE.

# This program built for i386-apple-darwin11.3.0
 

# Make data base, printed on Thu Nov 25 04:34:32 2021

# Variables

# automatic
<D = $(patsubst %/,%,$(dir $<))
# automatic
?F = $(notdir $?)
# environment
ELECTRON_NO_ATTACH_CONSOLE = 1
# environment
LC_CTYPE = UTF-8
# environment
VSCODE_LOG_NATIVE = false
# automatic
?D = $(patsubst %/,%,$(dir $?))
# automatic
@D = $(patsubst %/,%,$(dir $@))
# automatic
@F = $(notdir $@)
# makefile
CURDIR := /Users/darora/Repositories/GEChampsim
# makefile
SHELL = /bin/sh
# environment
VSCODE_NLS_CONFIG = {"locale":"en-gb","availableLanguages":{},"_languagePackSupport":true}
# environment
_ = /usr/bin/make
# makefile (from `Makefile', line 30)
 
objects := obj/src/main.o obj/src/uncore.o obj/src/block.o obj/src/ring.o obj/src/ooo_cpu.o obj/src/cache.o obj/src/dram_controller.o obj/branch/branch_predictor.o obj/replacement/base_replacement.o obj/replacement/llc_replacement.o obj/prefetcher/l2c_prefetcher.o obj/prefetcher/kpcp_util.o obj/prefetcher/l1d_prefetcher.o obj/prefetcher/llc_prefetcher.o
# makefile (from `Makefile', line 1)
MAKEFILE_LIST :=  Makefile
# makefile (from `Makefile', line 3)
srcExt = cc
# environment
VSCODE_VERBOSE_LOGGING = true
# environment
__CFBundleIdentifier = com.microsoft.VSCode
# environment
INFOPATH = /opt/homebrew/share/info:
# environment
VSCODE_IPC_HOOK_EXTHOST = /var/folders/24/3hrjdn550tj44hzs7fzwgk4h0000gn/T/vscode-ipc-eb3c99cc-10db-4611-8b7b-61f2e2b67f20.sock
# environment
VSCODE_CWD = /Users/darora/Repositories/GEChampsim
# makefile (from `Makefile', line 6)
binDir = bin
# environment
PATH = /opt/homebrew/Caskroom/miniforge/base/bin:/opt/homebrew/Caskroom/miniforge/base/condabin:/opt/homebrew/bin:/opt/homebrew/sbin:/usr/local/bin:/usr/bin:/bin:/usr/sbin:/sbin:/usr/local/go/bin:/opt/X11/bin
# makefile (from `Makefile', line 25)
libs := 
# makefile (from `Makefile', line 29)
srcDirs := ./branch ./replacement ./prefetcher ./src
# makefile (from `Makefile', line 20)
debug = -g
# makefile (from `Makefile', line 1)
app = champsim
# environment
VSCODE_LOG_STACK = false
# environment
ELECTRON_RUN_AS_NODE = 1
# default
.FEATURES := target-specific order-only second-expansion else-if archives jobserver check-symlink
# environment
SSH_AUTH_SOCK = /private/tmp/com.apple.launchd.lKi3hGHSz0/Listeners
# automatic
%F = $(notdir $%)
# environment
DISPLAY = /private/tmp/com.apple.launchd.OIn4LJOC6u/org.xquartz:0
# environment
CONDA_EXE = /opt/homebrew/Caskroom/miniforge/base/bin/conda
# makefile (from `Makefile', line 4)
srcDir = src branch replacement prefetcher
# environment
VSCODE_PIPE_LOGGING = true
# environment
PWD = /Users/darora/Repositories/GEChampsim
# environment
HOMEBREW_CELLAR = /opt/homebrew/Cellar
# makefile (from `Makefile', line 27)
CFlags = -Wall -O0   -g  -std=c++11 -c $(debug) $(inc) $(libDir) $(libs)
# environment
ORIGINAL_XDG_CURRENT_DESKTOP = undefined
# makefile (from `Makefile', line 26)
libDir := 
# environment
MANPATH = /opt/homebrew/share/man::
# environment
VSCODE_AMD_ENTRYPOINT = vs/workbench/services/extensions/node/extensionHostProcess
# environment
HOME = /Users/darora
# makefile (from `Makefile', line 12)
LDFlags = 
# default
MAKEFILEPATH = $(shell /usr/bin/xcode-select -print-path 2>/dev/null || echo /Developer)/Makefiles
# environment
VSCODE_CLI = 1
# environment
VSCODE_CODE_CACHE_PATH = /Users/darora/Library/Application Support/Code/CachedData/ccbaa2d27e38e5afa3e5c21c1c7bef4657064247
# environment
LOGNAME = darora
# makefile (from `Makefile', line 63)
make-repo =    for dir in $(srcDirs); do mkdir -p $(objDir)/$$dir; done
# environment
APPLICATION_INSIGHTS_NO_DIAGNOSTIC_CHANNEL = true
# environment
CONDA_PROMPT_MODIFIER = (base) 
# environment
VSCODE_HANDLES_UNCAUGHT_ERRORS = true
# automatic
^D = $(patsubst %/,%,$(dir $^))
# environment
CONDA_DEFAULT_ENV = base
# environment
XPC_FLAGS = 0x0
# default
MAKE = $(MAKE_COMMAND)
# default
MAKECMDGOALS := all
# environment
SHLVL = 3
# makefile (from `Makefile', line 33)
CC = $(CXX)
# default
MAKE_VERSION := 3.81
# environment
USER = darora
# makefile (from `Makefile', line 5)
objDir = obj
# makefile
.DEFAULT_GOAL := all
# environment
TERM_SESSION_ID = E1B322BB-F7B0-40A6-BBFA-0741B910A2F1
# automatic
%D = $(patsubst %/,%,$(dir $%))
# environment
CONDA_SHLVL = 1
# default
MAKE_COMMAND := /Library/Developer/CommandLineTools/usr/bin/make
# environment
TERM_PROGRAM = Apple_Terminal
# default
.VARIABLES := 
# environment
TMPDIR = /var/folders/24/3hrjdn550tj44hzs7fzwgk4h0000gn/T/
# automatic
*F = $(notdir $*)
# environment
VSCODE_IPC_HOOK = /Users/darora/Library/Application Support/Code/1.62.3-main.sock
# makefile
MAKEFLAGS = Rrqp
# environment
MFLAGS = -Rrqp
# automatic
*D = $(patsubst %/,%,$(dir $*))
# environment
TERM_PROGRAM_VERSION = 443
# environment
HOMEBREW_SHELLENV_PREFIX = /opt/homebrew
# environment
XPC_SERVICE_NAME = application.com.microsoft.VSCode.2711768.2711774.C6BE5176-9787-4E9E-85B5-177C87514753
# environment
HOMEBREW_PREFIX = /opt/homebrew
# automatic
+D = $(patsubst %/,%,$(dir $+))
# automatic
+F = $(notdir $+)
# environment
HOMEBREW_REPOSITORY = /opt/homebrew
# environment
__CF_USER_TEXT_ENCODING = 0x1F5:0x0:0x0
# environment
COMMAND_MODE = unix2003
# makefile (from `Makefile', line 72)
make-depend =   $(CC) -MM -MF $3 -MP -MT $2 $(CFlags) $1
# default
MAKEFILES := 
# makefile (from `Makefile', line 28)
sources := src/main.cc src/uncore.cc src/block.cc src/ring.cc src/ooo_cpu.cc src/cache.cc src/dram_controller.cc branch/branch_predictor.cc replacement/base_replacement.cc replacement/llc_replacement.cc prefetcher/l2c_prefetcher.cc prefetcher/kpcp_util.cc prefetcher/l1d_prefetcher.cc prefetcher/llc_prefetcher.cc
# automatic
<F = $(notdir $<)
# environment
LC_ALL = C
# environment
CONDA_PYTHON_EXE = /opt/homebrew/Caskroom/miniforge/base/bin/python
# automatic
^F = $(notdir $^)
# default
SUFFIXES := 
# environment
_CE_M = 
# environment
MAKELEVEL := 0
# makefile (from `Makefile', line 24)
inc := -Iinc
# environment
CONDA_PREFIX = /opt/homebrew/Caskroom/miniforge/base
# environment
TERM = xterm-256color
# environment
VSCODE_PID = 15754
# environment
_CE_CONDA = 
# environment
LANG = C
# variable set hash-table stats:
# Load=100/1024=10%, Rehash=0, Collisions=9/157=6%

# Pattern-specific Variable Values

# No pattern-specific variable values.

# Directories

# . (device 16777233, inode 3023861): 18 files, no impossibilities.

# 18 files, no impossibilities in 1 directories.

# Implicit Rules

obj/%.o: %.cc
#  commands to execute (from `Makefile', line 49):
	@echo "Generating dependencies for $<..."
	@$(call make-depend,$<,$@,$(subst .o,.d,$@))
	@echo "Compiling $<..."
	@$(CC) $(CFlags) $< -o $@
	

# 1 implicit rules, 0 (0.0%) terminal.

# Files

# Not a target:
obj/src/dram_controller.o:
#  Implicit rule search has not been done.
#  Modification time never checked.
#  File has not been updated.

all: bin/champsim
#  Command-line target.
#  Implicit rule search has been done.
#  File does not exist.
#  File has been updated.
#  Needs to be updated (-q is set).
# variable set hash-table stats:
# Load=0/32=0%, Rehash=0, Collisions=0/6=0%

.phony: all clean distclean
#  Implicit rule search has not been done.
#  Modification time never checked.
#  File has not been updated.

# Not a target:
obj/src/ring.o:
#  Implicit rule search has not been done.
#  Modification time never checked.
#  File has not been updated.

distclean: clean
#  Implicit rule search has not been done.
#  Modification time never checked.
#  File has not been updated.
#  commands to execute (from `Makefile', line 58):
	$(RM) -r $(binDir)/$(app)
	

# Not a target:
obj/prefetcher/l2c_prefetcher.o:
#  Implicit rule search has not been done.
#  Modification time never checked.
#  File has not been updated.

# Not a target:
.SUFFIXES:
#  Implicit rule search has not been done.
#  Modification time never checked.
#  File has not been updated.

# Not a target:
Makefile:
#  Implicit rule search has been done.
#  Last modified 2021-11-25 04:32:40
#  File has been updated.
#  Successfully updated.
# variable set hash-table stats:
# Load=0/32=0%, Rehash=0, Collisions=0/0=0%

# Not a target:
obj/prefetcher/llc_prefetcher.o:
#  Implicit rule search has not been done.
#  Modification time never checked.
#  File has not been updated.

# Not a target:
obj/src/block.o:
#  Implicit rule search has not been done.
#  Modification time never checked.
#  File has not been updated.

buildrepo:
#  Implicit rule search has not been done.
#  Implicit/static pattern stem: `'
#  File does not exist.
#  File has been updated.
#  Needs to be updated (-q is set).
# automatic
# @ := buildrepo
# automatic
# % := 
# automatic
# * := 
# automatic
# + := 
# automatic
# | := 
# automatic
# < := 
# automatic
# ^ := 
# automatic
# ? := 
# variable set hash-table stats:
# Load=8/32=25%, Rehash=0, Collisions=1/14=7%
 
#  commands to execute (from `Makefile', line 61):
	@$(call make-repo)
	

# Not a target:
obj/prefetcher/l1d_prefetcher.o:
#  Implicit rule search has not been done.
#  Modification time never checked.
#  File has not been updated.

# Not a target:
obj/replacement/base_replacement.o:
#  Implicit rule search has not been done.
#  Modification time never checked.
#  File has not been updated.

# Not a target:
obj/src/cache.o:
#  Implicit rule search has not been done.
#  Modification time never checked.
#  File has not been updated.

# Not a target:
obj/src/uncore.o:
#  Implicit rule search has not been done.
#  Modification time never checked.
#  File has not been updated.

# Not a target:
obj/src/ooo_cpu.o:
#  Implicit rule search has not been done.
#  Modification time never checked.
#  File has not been updated.

# Not a target:
.DEFAULT:
#  Implicit rule search has not been done.
#  Modification time never checked.
#  File has not been updated.

# Not a target:
obj/replacement/llc_replacement.o:
#  Implicit rule search has not been done.
#  Modification time never checked.
#  File has not been updated.

clean:
#  Implicit rule search has not been done.
#  Modification time never checked.
#  File has not been updated.
#  commands to execute (from `Makefile', line 55):
	$(RM) -r $(objDir)
	

# Not a target:
obj/branch/branch_predictor.o:
#  Implicit rule search has not been done.
#  Modification time never checked.
#  File has not been updated.

# Not a target:
obj/prefetcher/kpcp_util.o:
#  Implicit rule search has not been done.
#  Modification time never checked.
#  File has not been updated.

bin/champsim: buildrepo obj/src/main.o obj/src/uncore.o obj/src/block.o obj/src/ring.o obj/src/ooo_cpu.o obj/src/cache.o obj/src/dram_controller.o obj/branch/branch_predictor.o obj/replacement/base_replacement.o obj/replacement/llc_replacement.o obj/prefetcher/l2c_prefetcher.o obj/prefetcher/kpcp_util.o obj/prefetcher/l1d_prefetcher.o obj/prefetcher/llc_prefetcher.o
#  Implicit rule search has not been done.
#  File does not exist.
#  File has been updated.
#  Needs to be updated (-q is set).
# variable set hash-table stats:
# Load=0/32=0%, Rehash=0, Collisions=0/6=0%
#  commands to execute (from `Makefile', line 44):
	@mkdir -p `dirname $@`
	@echo "Linking $@..."
	@$(CC) $(objects) $(LDFlags) -o $@
	

# Not a target:
obj/src/main.o:
#  Implicit rule search has not been done.
#  Modification time never checked.
#  File has not been updated.

# files hash-table stats:
# Load=23/1024=2%, Rehash=0, Collisions=3/57=5%
# VPATH Search Paths

# No `vpath' search paths.

# No general (`VPATH' variable) search path.

# # of strings in strcache: 1
# # of strcache buffers: 1
# strcache size: total = 4096 / max = 4096 / min = 4096 / avg = 4096
# strcache free: total = 4087 / max = 4087 / min = 4087 / avg = 4087

# Finished Make data base on Thu Nov 25 04:34:32 2021

 
